[
  {
    "level": "INFO",
    "message": "android.ndkVersion from module build.gradle is not set"
  },
  {
    "level": "INFO",
    "message": "ndk.dir in local.properties is not set"
  },
  {
    "level": "INFO",
    "message": "ANDROID_NDK_HOME environment variable is not set"
  },
  {
    "level": "INFO",
    "message": "sdkFolder is /Users/luizvaldetaro/Library/Android/sdk"
  },
  {
    "level": "INFO",
    "message": "Because no explicit NDK was requested, the default version \u002721.0.6113669\u0027 for this Android Gradle Plugin will be used"
  },
  {
    "level": "INFO",
    "message": "Considering /Users/luizvaldetaro/Library/Android/sdk/ndk-bundle in SDK ndk-bundle folder"
  },
  {
    "level": "INFO",
    "message": "Considering /Users/luizvaldetaro/Library/Android/sdk/ndk/17.2.4988734 in SDK ndk folder"
  },
  {
    "level": "INFO",
    "message": "Considering /Users/luizvaldetaro/Library/Android/sdk/ndk/21.4.7075529 in SDK ndk folder"
  },
  {
    "level": "INFO",
    "message": "Considering /Users/luizvaldetaro/Library/Android/sdk/ndk/16.1.4479499 in SDK ndk folder"
  },
  {
    "level": "INFO",
    "message": "Considering /Users/luizvaldetaro/Library/Android/sdk/ndk/21.0.6113669 in SDK ndk folder"
  },
  {
    "level": "INFO",
    "message": "Considering /Users/luizvaldetaro/Library/Android/sdk/ndk/25.1.8937393 in SDK ndk folder"
  },
  {
    "level": "INFO",
    "message": "Considering /Users/luizvaldetaro/Library/Android/sdk/ndk/18.1.5063045 in SDK ndk folder"
  },
  {
    "level": "INFO",
    "message": "Considering /Users/luizvaldetaro/Library/Android/sdk/ndk/21.1.6352462 in SDK ndk folder"
  },
  {
    "level": "INFO",
    "message": "Considering /Users/luizvaldetaro/Library/Android/sdk/ndk/19.2.5345600 in SDK ndk folder"
  },
  {
    "level": "INFO",
    "message": "Considering /Users/luizvaldetaro/Library/Android/sdk/ndk/22.1.7171670 in SDK ndk folder"
  },
  {
    "level": "INFO",
    "message": "Considering /Users/luizvaldetaro/Library/Android/sdk/ndk/23.1.7779620 in SDK ndk folder"
  },
  {
    "level": "INFO",
    "message": "Rejected /Users/luizvaldetaro/Library/Android/sdk/ndk-bundle in SDK ndk-bundle folder because that location has no source.properties"
  },
  {
    "level": "INFO",
    "message": "Found requested NDK version 21.0.6113669 at /Users/luizvaldetaro/Library/Android/sdk/ndk/21.0.6113669"
  }
]